<?xml version="1.0" encoding="UTF-8"?>
<testsuite name="com.nortal.library.api.LibraryServiceTest" tests="1" skipped="0" failures="1" errors="0" timestamp="2025-12-18T12:14:52.637Z" hostname="DESKTOP-07NC1ES" time="1.704">
  <properties/>
  <testcase name="bookAlreadyBorrowedOut()" classname="com.nortal.library.api.LibraryServiceTest" time="1.704">
    <failure message="java.lang.IllegalArgumentException: HV000116: Tõde ja Õigus I should be loaned to Liis" type="java.lang.IllegalArgumentException">java.lang.IllegalArgumentException: HV000116: Tõde ja Õigus I should be loaned to Liis
	at org.hibernate.validator.internal.util.Contracts.assertTrue(Contracts.java:66)
	at com.nortal.library.api.LibraryServiceTest.bookAlreadyBorrowedOut(LibraryServiceTest.java:41)
	at java.base/java.lang.reflect.Method.invoke(Method.java:580)
	at java.base/java.util.ArrayList.forEach(ArrayList.java:1597)
	at java.base/java.util.ArrayList.forEach(ArrayList.java:1597)
</failure>
  </testcase>
  <system-out><![CDATA[]]></system-out>
  <system-err><![CDATA[WARNING: A Java agent has been loaded dynamically (C:\Users\ThinkpadT580\.gradle\caches\modules-2\files-2.1\net.bytebuddy\byte-buddy-agent\1.14.19\154da3a65b4f4a909d3e5bdec55d1b2b4cbb6ce1\byte-buddy-agent-1.14.19.jar)
WARNING: If a serviceability tool is in use, please run with -XX:+EnableDynamicAgentLoading to hide this warning
WARNING: If a serviceability tool is not in use, please run with -Djdk.instrument.traceUsage for more information
WARNING: Dynamic loading of agents will be disallowed by default in a future release
]]></system-err>
</testsuite>
